<?xml version="1.0" encoding="UTF-8"?>
<testsuite name="com.jiobit.assessment.JiobitControllerTest" tests="2" skipped="0" failures="0" errors="0" timestamp="2026-02-17T21:48:07.935Z" hostname="MacBookPro.fios-router.home" time="1.85">
  <properties/>
  <testcase name="addTest()" classname="com.jiobit.assessment.JiobitControllerTest" time="1.819"/>
  <testcase name="getByGuidTest()" classname="com.jiobit.assessment.JiobitControllerTest" time="0.014"/>
  <system-out><![CDATA[]]></system-out>
  <system-err><![CDATA[]]></system-err>
</testsuite>
